The system is: Linux - 5.4.0-48-generic - x86_64
Compiling the CXX compiler identification source file "CMakeCXXCompilerId.cpp" succeeded.
Compiler: /usr/bin/c++ 
Build flags: 
Id flags: 

The output was:
0


Compilation of the CXX compiler identification source "CMakeCXXCompilerId.cpp" produced "a.out"

The CXX compiler identification is GNU, found in "/home/mahi/labs/NFIQ2/NFIQ2/libOpenCV/CMakeFiles/2.8.12.2/CompilerIdCXX/a.out"

Compiling the C compiler identification source file "CMakeCCompilerId.c" succeeded.
Compiler: /usr/bin/cc 
Build flags: 
Id flags: 

The output was:
0


Compilation of the C compiler identification source "CMakeCCompilerId.c" produced "a.out"

The C compiler identification is GNU, found in "/home/mahi/labs/NFIQ2/NFIQ2/libOpenCV/CMakeFiles/2.8.12.2/CompilerIdC/a.out"

Determining if the CXX compiler works passed with the following output:
Change Dir: /home/mahi/labs/NFIQ2/NFIQ2/libOpenCV/CMakeFiles/CMakeTmp

Run Build Command:make "cmTryCompileExec1452828181/fast"
make -f CMakeFiles/cmTryCompileExec1452828181.dir/build.make CMakeFiles/cmTryCompileExec1452828181.dir/build
make[1]: Entering directory `/home/mahi/labs/NFIQ2/NFIQ2/libOpenCV/CMakeFiles/CMakeTmp'
/usr/bin/cmake -E cmake_progress_report /home/mahi/labs/NFIQ2/NFIQ2/libOpenCV/CMakeFiles/CMakeTmp/CMakeFiles 1
Building CXX object CMakeFiles/cmTryCompileExec1452828181.dir/testCXXCompiler.cxx.o
/usr/bin/c++     -o CMakeFiles/cmTryCompileExec1452828181.dir/testCXXCompiler.cxx.o -c /home/mahi/labs/NFIQ2/NFIQ2/libOpenCV/CMakeFiles/CMakeTmp/testCXXCompiler.cxx
Linking CXX executable cmTryCompileExec1452828181
/usr/bin/cmake -E cmake_link_script CMakeFiles/cmTryCompileExec1452828181.dir/link.txt --verbose=1
/usr/bin/c++        CMakeFiles/cmTryCompileExec1452828181.dir/testCXXCompiler.cxx.o  -o cmTryCompileExec1452828181 -rdynamic 
make[1]: Leaving directory `/home/mahi/labs/NFIQ2/NFIQ2/libOpenCV/CMakeFiles/CMakeTmp'


Detecting CXX compiler ABI info compiled with the following output:
Change Dir: /home/mahi/labs/NFIQ2/NFIQ2/libOpenCV/CMakeFiles/CMakeTmp

Run Build Command:make "cmTryCompileExec853459026/fast"
make -f CMakeFiles/cmTryCompileExec853459026.dir/build.make CMakeFiles/cmTryCompileExec853459026.dir/build
make[1]: Entering directory `/home/mahi/labs/NFIQ2/NFIQ2/libOpenCV/CMakeFiles/CMakeTmp'
/usr/bin/cmake -E cmake_progress_report /home/mahi/labs/NFIQ2/NFIQ2/libOpenCV/CMakeFiles/CMakeTmp/CMakeFiles 1
Building CXX object CMakeFiles/cmTryCompileExec853459026.dir/CMakeCXXCompilerABI.cpp.o
/usr/bin/c++     -o CMakeFiles/cmTryCompileExec853459026.dir/CMakeCXXCompilerABI.cpp.o -c /usr/share/cmake/Modules/CMakeCXXCompilerABI.cpp
Linking CXX executable cmTryCompileExec853459026
/usr/bin/cmake -E cmake_link_script CMakeFiles/cmTryCompileExec853459026.dir/link.txt --verbose=1
/usr/bin/c++      -v CMakeFiles/cmTryCompileExec853459026.dir/CMakeCXXCompilerABI.cpp.o  -o cmTryCompileExec853459026 -rdynamic  
Using built-in specs.
COLLECT_GCC=/usr/bin/c++
COLLECT_LTO_WRAPPER=/usr/libexec/gcc/x86_64-redhat-linux/4.8.5/lto-wrapper
Target: x86_64-redhat-linux
Configured with: ../configure --prefix=/usr --mandir=/usr/share/man --infodir=/usr/share/info --with-bugurl=http://bugzilla.redhat.com/bugzilla --enable-bootstrap --enable-shared --enable-threads=posix --enable-checking=release --with-system-zlib --enable-__cxa_atexit --disable-libunwind-exceptions --enable-gnu-unique-object --enable-linker-build-id --with-linker-hash-style=gnu --enable-languages=c,c++,objc,obj-c++,java,fortran,ada,go,lto --enable-plugin --enable-initfini-array --disable-libgcj --with-isl=/builddir/build/BUILD/gcc-4.8.5-20150702/obj-x86_64-redhat-linux/isl-install --with-cloog=/builddir/build/BUILD/gcc-4.8.5-20150702/obj-x86_64-redhat-linux/cloog-install --enable-gnu-indirect-function --with-tune=generic --with-arch_32=x86-64 --build=x86_64-redhat-linux
Thread model: posix
gcc version 4.8.5 20150623 (Red Hat 4.8.5-39) (GCC) 
COMPILER_PATH=/usr/libexec/gcc/x86_64-redhat-linux/4.8.5/:/usr/libexec/gcc/x86_64-redhat-linux/4.8.5/:/usr/libexec/gcc/x86_64-redhat-linux/:/usr/lib/gcc/x86_64-redhat-linux/4.8.5/:/usr/lib/gcc/x86_64-redhat-linux/
LIBRARY_PATH=/usr/lib/gcc/x86_64-redhat-linux/4.8.5/:/usr/lib/gcc/x86_64-redhat-linux/4.8.5/../../../../lib64/:/lib/../lib64/:/usr/lib/../lib64/:/usr/lib/gcc/x86_64-redhat-linux/4.8.5/../../../:/lib/:/usr/lib/
COLLECT_GCC_OPTIONS='-v' '-o' 'cmTryCompileExec853459026' '-rdynamic' '-shared-libgcc' '-mtune=generic' '-march=x86-64'
 /usr/libexec/gcc/x86_64-redhat-linux/4.8.5/collect2 --build-id --no-add-needed --eh-frame-hdr --hash-style=gnu -m elf_x86_64 -export-dynamic -dynamic-linker /lib64/ld-linux-x86-64.so.2 -o cmTryCompileExec853459026 /usr/lib/gcc/x86_64-redhat-linux/4.8.5/../../../../lib64/crt1.o /usr/lib/gcc/x86_64-redhat-linux/4.8.5/../../../../lib64/crti.o /usr/lib/gcc/x86_64-redhat-linux/4.8.5/crtbegin.o -L/usr/lib/gcc/x86_64-redhat-linux/4.8.5 -L/usr/lib/gcc/x86_64-redhat-linux/4.8.5/../../../../lib64 -L/lib/../lib64 -L/usr/lib/../lib64 -L/usr/lib/gcc/x86_64-redhat-linux/4.8.5/../../.. CMakeFiles/cmTryCompileExec853459026.dir/CMakeCXXCompilerABI.cpp.o -lstdc++ -lm -lgcc_s -lgcc -lc -lgcc_s -lgcc /usr/lib/gcc/x86_64-redhat-linux/4.8.5/crtend.o /usr/lib/gcc/x86_64-redhat-linux/4.8.5/../../../../lib64/crtn.o
make[1]: Leaving directory `/home/mahi/labs/NFIQ2/NFIQ2/libOpenCV/CMakeFiles/CMakeTmp'


Parsed CXX implicit link information from above output:
  link line regex: [^( *|.*[/\])(ld|([^/\]+-)?ld|collect2)[^/\]*( |$)]
  ignore line: [Change Dir: /home/mahi/labs/NFIQ2/NFIQ2/libOpenCV/CMakeFiles/CMakeTmp]
  ignore line: []
  ignore line: [Run Build Command:make "cmTryCompileExec853459026/fast"]
  ignore line: [make -f CMakeFiles/cmTryCompileExec853459026.dir/build.make CMakeFiles/cmTryCompileExec853459026.dir/build]
  ignore line: [make[1]: Entering directory `/home/mahi/labs/NFIQ2/NFIQ2/libOpenCV/CMakeFiles/CMakeTmp']
  ignore line: [/usr/bin/cmake -E cmake_progress_report /home/mahi/labs/NFIQ2/NFIQ2/libOpenCV/CMakeFiles/CMakeTmp/CMakeFiles 1]
  ignore line: [Building CXX object CMakeFiles/cmTryCompileExec853459026.dir/CMakeCXXCompilerABI.cpp.o]
  ignore line: [/usr/bin/c++     -o CMakeFiles/cmTryCompileExec853459026.dir/CMakeCXXCompilerABI.cpp.o -c /usr/share/cmake/Modules/CMakeCXXCompilerABI.cpp]
  ignore line: [Linking CXX executable cmTryCompileExec853459026]
  ignore line: [/usr/bin/cmake -E cmake_link_script CMakeFiles/cmTryCompileExec853459026.dir/link.txt --verbose=1]
  ignore line: [/usr/bin/c++      -v CMakeFiles/cmTryCompileExec853459026.dir/CMakeCXXCompilerABI.cpp.o  -o cmTryCompileExec853459026 -rdynamic  ]
  ignore line: [Using built-in specs.]
  ignore line: [COLLECT_GCC=/usr/bin/c++]
  ignore line: [COLLECT_LTO_WRAPPER=/usr/libexec/gcc/x86_64-redhat-linux/4.8.5/lto-wrapper]
  ignore line: [Target: x86_64-redhat-linux]
  ignore line: [Configured with: ../configure --prefix=/usr --mandir=/usr/share/man --infodir=/usr/share/info --with-bugurl=http://bugzilla.redhat.com/bugzilla --enable-bootstrap --enable-shared --enable-threads=posix --enable-checking=release --with-system-zlib --enable-__cxa_atexit --disable-libunwind-exceptions --enable-gnu-unique-object --enable-linker-build-id --with-linker-hash-style=gnu --enable-languages=c,c++,objc,obj-c++,java,fortran,ada,go,lto --enable-plugin --enable-initfini-array --disable-libgcj --with-isl=/builddir/build/BUILD/gcc-4.8.5-20150702/obj-x86_64-redhat-linux/isl-install --with-cloog=/builddir/build/BUILD/gcc-4.8.5-20150702/obj-x86_64-redhat-linux/cloog-install --enable-gnu-indirect-function --with-tune=generic --with-arch_32=x86-64 --build=x86_64-redhat-linux]
  ignore line: [Thread model: posix]
  ignore line: [gcc version 4.8.5 20150623 (Red Hat 4.8.5-39) (GCC) ]
  ignore line: [COMPILER_PATH=/usr/libexec/gcc/x86_64-redhat-linux/4.8.5/:/usr/libexec/gcc/x86_64-redhat-linux/4.8.5/:/usr/libexec/gcc/x86_64-redhat-linux/:/usr/lib/gcc/x86_64-redhat-linux/4.8.5/:/usr/lib/gcc/x86_64-redhat-linux/]
  ignore line: [LIBRARY_PATH=/usr/lib/gcc/x86_64-redhat-linux/4.8.5/:/usr/lib/gcc/x86_64-redhat-linux/4.8.5/../../../../lib64/:/lib/../lib64/:/usr/lib/../lib64/:/usr/lib/gcc/x86_64-redhat-linux/4.8.5/../../../:/lib/:/usr/lib/]
  ignore line: [COLLECT_GCC_OPTIONS='-v' '-o' 'cmTryCompileExec853459026' '-rdynamic' '-shared-libgcc' '-mtune=generic' '-march=x86-64']
  link line: [ /usr/libexec/gcc/x86_64-redhat-linux/4.8.5/collect2 --build-id --no-add-needed --eh-frame-hdr --hash-style=gnu -m elf_x86_64 -export-dynamic -dynamic-linker /lib64/ld-linux-x86-64.so.2 -o cmTryCompileExec853459026 /usr/lib/gcc/x86_64-redhat-linux/4.8.5/../../../../lib64/crt1.o /usr/lib/gcc/x86_64-redhat-linux/4.8.5/../../../../lib64/crti.o /usr/lib/gcc/x86_64-redhat-linux/4.8.5/crtbegin.o -L/usr/lib/gcc/x86_64-redhat-linux/4.8.5 -L/usr/lib/gcc/x86_64-redhat-linux/4.8.5/../../../../lib64 -L/lib/../lib64 -L/usr/lib/../lib64 -L/usr/lib/gcc/x86_64-redhat-linux/4.8.5/../../.. CMakeFiles/cmTryCompileExec853459026.dir/CMakeCXXCompilerABI.cpp.o -lstdc++ -lm -lgcc_s -lgcc -lc -lgcc_s -lgcc /usr/lib/gcc/x86_64-redhat-linux/4.8.5/crtend.o /usr/lib/gcc/x86_64-redhat-linux/4.8.5/../../../../lib64/crtn.o]
    arg [/usr/libexec/gcc/x86_64-redhat-linux/4.8.5/collect2] ==> ignore
    arg [--build-id] ==> ignore
    arg [--no-add-needed] ==> ignore
    arg [--eh-frame-hdr] ==> ignore
    arg [--hash-style=gnu] ==> ignore
    arg [-m] ==> ignore
    arg [elf_x86_64] ==> ignore
    arg [-export-dynamic] ==> ignore
    arg [-dynamic-linker] ==> ignore
    arg [/lib64/ld-linux-x86-64.so.2] ==> ignore
    arg [-o] ==> ignore
    arg [cmTryCompileExec853459026] ==> ignore
    arg [/usr/lib/gcc/x86_64-redhat-linux/4.8.5/../../../../lib64/crt1.o] ==> ignore
    arg [/usr/lib/gcc/x86_64-redhat-linux/4.8.5/../../../../lib64/crti.o] ==> ignore
    arg [/usr/lib/gcc/x86_64-redhat-linux/4.8.5/crtbegin.o] ==> ignore
    arg [-L/usr/lib/gcc/x86_64-redhat-linux/4.8.5] ==> dir [/usr/lib/gcc/x86_64-redhat-linux/4.8.5]
    arg [-L/usr/lib/gcc/x86_64-redhat-linux/4.8.5/../../../../lib64] ==> dir [/usr/lib/gcc/x86_64-redhat-linux/4.8.5/../../../../lib64]
    arg [-L/lib/../lib64] ==> dir [/lib/../lib64]
    arg [-L/usr/lib/../lib64] ==> dir [/usr/lib/../lib64]
    arg [-L/usr/lib/gcc/x86_64-redhat-linux/4.8.5/../../..] ==> dir [/usr/lib/gcc/x86_64-redhat-linux/4.8.5/../../..]
    arg [CMakeFiles/cmTryCompileExec853459026.dir/CMakeCXXCompilerABI.cpp.o] ==> ignore
    arg [-lstdc++] ==> lib [stdc++]
    arg [-lm] ==> lib [m]
    arg [-lgcc_s] ==> lib [gcc_s]
    arg [-lgcc] ==> lib [gcc]
    arg [-lc] ==> lib [c]
    arg [-lgcc_s] ==> lib [gcc_s]
    arg [-lgcc] ==> lib [gcc]
    arg [/usr/lib/gcc/x86_64-redhat-linux/4.8.5/crtend.o] ==> ignore
    arg [/usr/lib/gcc/x86_64-redhat-linux/4.8.5/../../../../lib64/crtn.o] ==> ignore
  remove lib [gcc_s]
  remove lib [gcc]
  remove lib [gcc_s]
  remove lib [gcc]
  collapse library dir [/usr/lib/gcc/x86_64-redhat-linux/4.8.5] ==> [/usr/lib/gcc/x86_64-redhat-linux/4.8.5]
  collapse library dir [/usr/lib/gcc/x86_64-redhat-linux/4.8.5/../../../../lib64] ==> [/usr/lib64]
  collapse library dir [/lib/../lib64] ==> [/lib64]
  collapse library dir [/usr/lib/../lib64] ==> [/usr/lib64]
  collapse library dir [/usr/lib/gcc/x86_64-redhat-linux/4.8.5/../../..] ==> [/usr/lib]
  implicit libs: [stdc++;m;c]
  implicit dirs: [/usr/lib/gcc/x86_64-redhat-linux/4.8.5;/usr/lib64;/lib64;/usr/lib]
  implicit fwks: []


Determining if the C compiler works passed with the following output:
Change Dir: /home/mahi/labs/NFIQ2/NFIQ2/libOpenCV/CMakeFiles/CMakeTmp

Run Build Command:make "cmTryCompileExec3704962978/fast"
make -f CMakeFiles/cmTryCompileExec3704962978.dir/build.make CMakeFiles/cmTryCompileExec3704962978.dir/build
make[1]: Entering directory `/home/mahi/labs/NFIQ2/NFIQ2/libOpenCV/CMakeFiles/CMakeTmp'
/usr/bin/cmake -E cmake_progress_report /home/mahi/labs/NFIQ2/NFIQ2/libOpenCV/CMakeFiles/CMakeTmp/CMakeFiles 1
Building C object CMakeFiles/cmTryCompileExec3704962978.dir/testCCompiler.c.o
/usr/bin/cc    -o CMakeFiles/cmTryCompileExec3704962978.dir/testCCompiler.c.o   -c /home/mahi/labs/NFIQ2/NFIQ2/libOpenCV/CMakeFiles/CMakeTmp/testCCompiler.c
Linking C executable cmTryCompileExec3704962978
/usr/bin/cmake -E cmake_link_script CMakeFiles/cmTryCompileExec3704962978.dir/link.txt --verbose=1
/usr/bin/cc       CMakeFiles/cmTryCompileExec3704962978.dir/testCCompiler.c.o  -o cmTryCompileExec3704962978 -rdynamic 
make[1]: Leaving directory `/home/mahi/labs/NFIQ2/NFIQ2/libOpenCV/CMakeFiles/CMakeTmp'


Detecting C compiler ABI info compiled with the following output:
Change Dir: /home/mahi/labs/NFIQ2/NFIQ2/libOpenCV/CMakeFiles/CMakeTmp

Run Build Command:make "cmTryCompileExec2019244175/fast"
make -f CMakeFiles/cmTryCompileExec2019244175.dir/build.make CMakeFiles/cmTryCompileExec2019244175.dir/build
make[1]: Entering directory `/home/mahi/labs/NFIQ2/NFIQ2/libOpenCV/CMakeFiles/CMakeTmp'
/usr/bin/cmake -E cmake_progress_report /home/mahi/labs/NFIQ2/NFIQ2/libOpenCV/CMakeFiles/CMakeTmp/CMakeFiles 1
Building C object CMakeFiles/cmTryCompileExec2019244175.dir/CMakeCCompilerABI.c.o
/usr/bin/cc    -o CMakeFiles/cmTryCompileExec2019244175.dir/CMakeCCompilerABI.c.o   -c /usr/share/cmake/Modules/CMakeCCompilerABI.c
Linking C executable cmTryCompileExec2019244175
/usr/bin/cmake -E cmake_link_script CMakeFiles/cmTryCompileExec2019244175.dir/link.txt --verbose=1
/usr/bin/cc     -v CMakeFiles/cmTryCompileExec2019244175.dir/CMakeCCompilerABI.c.o  -o cmTryCompileExec2019244175 -rdynamic  
Using built-in specs.
COLLECT_GCC=/usr/bin/cc
COLLECT_LTO_WRAPPER=/usr/libexec/gcc/x86_64-redhat-linux/4.8.5/lto-wrapper
Target: x86_64-redhat-linux
Configured with: ../configure --prefix=/usr --mandir=/usr/share/man --infodir=/usr/share/info --with-bugurl=http://bugzilla.redhat.com/bugzilla --enable-bootstrap --enable-shared --enable-threads=posix --enable-checking=release --with-system-zlib --enable-__cxa_atexit --disable-libunwind-exceptions --enable-gnu-unique-object --enable-linker-build-id --with-linker-hash-style=gnu --enable-languages=c,c++,objc,obj-c++,java,fortran,ada,go,lto --enable-plugin --enable-initfini-array --disable-libgcj --with-isl=/builddir/build/BUILD/gcc-4.8.5-20150702/obj-x86_64-redhat-linux/isl-install --with-cloog=/builddir/build/BUILD/gcc-4.8.5-20150702/obj-x86_64-redhat-linux/cloog-install --enable-gnu-indirect-function --with-tune=generic --with-arch_32=x86-64 --build=x86_64-redhat-linux
Thread model: posix
gcc version 4.8.5 20150623 (Red Hat 4.8.5-39) (GCC) 
COMPILER_PATH=/usr/libexec/gcc/x86_64-redhat-linux/4.8.5/:/usr/libexec/gcc/x86_64-redhat-linux/4.8.5/:/usr/libexec/gcc/x86_64-redhat-linux/:/usr/lib/gcc/x86_64-redhat-linux/4.8.5/:/usr/lib/gcc/x86_64-redhat-linux/
LIBRARY_PATH=/usr/lib/gcc/x86_64-redhat-linux/4.8.5/:/usr/lib/gcc/x86_64-redhat-linux/4.8.5/../../../../lib64/:/lib/../lib64/:/usr/lib/../lib64/:/usr/lib/gcc/x86_64-redhat-linux/4.8.5/../../../:/lib/:/usr/lib/
COLLECT_GCC_OPTIONS='-v' '-o' 'cmTryCompileExec2019244175' '-rdynamic' '-mtune=generic' '-march=x86-64'
 /usr/libexec/gcc/x86_64-redhat-linux/4.8.5/collect2 --build-id --no-add-needed --eh-frame-hdr --hash-style=gnu -m elf_x86_64 -export-dynamic -dynamic-linker /lib64/ld-linux-x86-64.so.2 -o cmTryCompileExec2019244175 /usr/lib/gcc/x86_64-redhat-linux/4.8.5/../../../../lib64/crt1.o /usr/lib/gcc/x86_64-redhat-linux/4.8.5/../../../../lib64/crti.o /usr/lib/gcc/x86_64-redhat-linux/4.8.5/crtbegin.o -L/usr/lib/gcc/x86_64-redhat-linux/4.8.5 -L/usr/lib/gcc/x86_64-redhat-linux/4.8.5/../../../../lib64 -L/lib/../lib64 -L/usr/lib/../lib64 -L/usr/lib/gcc/x86_64-redhat-linux/4.8.5/../../.. CMakeFiles/cmTryCompileExec2019244175.dir/CMakeCCompilerABI.c.o -lgcc --as-needed -lgcc_s --no-as-needed -lc -lgcc --as-needed -lgcc_s --no-as-needed /usr/lib/gcc/x86_64-redhat-linux/4.8.5/crtend.o /usr/lib/gcc/x86_64-redhat-linux/4.8.5/../../../../lib64/crtn.o
make[1]: Leaving directory `/home/mahi/labs/NFIQ2/NFIQ2/libOpenCV/CMakeFiles/CMakeTmp'


Parsed C implicit link information from above output:
  link line regex: [^( *|.*[/\])(ld|([^/\]+-)?ld|collect2)[^/\]*( |$)]
  ignore line: [Change Dir: /home/mahi/labs/NFIQ2/NFIQ2/libOpenCV/CMakeFiles/CMakeTmp]
  ignore line: []
  ignore line: [Run Build Command:make "cmTryCompileExec2019244175/fast"]
  ignore line: [make -f CMakeFiles/cmTryCompileExec2019244175.dir/build.make CMakeFiles/cmTryCompileExec2019244175.dir/build]
  ignore line: [make[1]: Entering directory `/home/mahi/labs/NFIQ2/NFIQ2/libOpenCV/CMakeFiles/CMakeTmp']
  ignore line: [/usr/bin/cmake -E cmake_progress_report /home/mahi/labs/NFIQ2/NFIQ2/libOpenCV/CMakeFiles/CMakeTmp/CMakeFiles 1]
  ignore line: [Building C object CMakeFiles/cmTryCompileExec2019244175.dir/CMakeCCompilerABI.c.o]
  ignore line: [/usr/bin/cc    -o CMakeFiles/cmTryCompileExec2019244175.dir/CMakeCCompilerABI.c.o   -c /usr/share/cmake/Modules/CMakeCCompilerABI.c]
  ignore line: [Linking C executable cmTryCompileExec2019244175]
  ignore line: [/usr/bin/cmake -E cmake_link_script CMakeFiles/cmTryCompileExec2019244175.dir/link.txt --verbose=1]
  ignore line: [/usr/bin/cc     -v CMakeFiles/cmTryCompileExec2019244175.dir/CMakeCCompilerABI.c.o  -o cmTryCompileExec2019244175 -rdynamic  ]
  ignore line: [Using built-in specs.]
  ignore line: [COLLECT_GCC=/usr/bin/cc]
  ignore line: [COLLECT_LTO_WRAPPER=/usr/libexec/gcc/x86_64-redhat-linux/4.8.5/lto-wrapper]
  ignore line: [Target: x86_64-redhat-linux]
  ignore line: [Configured with: ../configure --prefix=/usr --mandir=/usr/share/man --infodir=/usr/share/info --with-bugurl=http://bugzilla.redhat.com/bugzilla --enable-bootstrap --enable-shared --enable-threads=posix --enable-checking=release --with-system-zlib --enable-__cxa_atexit --disable-libunwind-exceptions --enable-gnu-unique-object --enable-linker-build-id --with-linker-hash-style=gnu --enable-languages=c,c++,objc,obj-c++,java,fortran,ada,go,lto --enable-plugin --enable-initfini-array --disable-libgcj --with-isl=/builddir/build/BUILD/gcc-4.8.5-20150702/obj-x86_64-redhat-linux/isl-install --with-cloog=/builddir/build/BUILD/gcc-4.8.5-20150702/obj-x86_64-redhat-linux/cloog-install --enable-gnu-indirect-function --with-tune=generic --with-arch_32=x86-64 --build=x86_64-redhat-linux]
  ignore line: [Thread model: posix]
  ignore line: [gcc version 4.8.5 20150623 (Red Hat 4.8.5-39) (GCC) ]
  ignore line: [COMPILER_PATH=/usr/libexec/gcc/x86_64-redhat-linux/4.8.5/:/usr/libexec/gcc/x86_64-redhat-linux/4.8.5/:/usr/libexec/gcc/x86_64-redhat-linux/:/usr/lib/gcc/x86_64-redhat-linux/4.8.5/:/usr/lib/gcc/x86_64-redhat-linux/]
  ignore line: [LIBRARY_PATH=/usr/lib/gcc/x86_64-redhat-linux/4.8.5/:/usr/lib/gcc/x86_64-redhat-linux/4.8.5/../../../../lib64/:/lib/../lib64/:/usr/lib/../lib64/:/usr/lib/gcc/x86_64-redhat-linux/4.8.5/../../../:/lib/:/usr/lib/]
  ignore line: [COLLECT_GCC_OPTIONS='-v' '-o' 'cmTryCompileExec2019244175' '-rdynamic' '-mtune=generic' '-march=x86-64']
  link line: [ /usr/libexec/gcc/x86_64-redhat-linux/4.8.5/collect2 --build-id --no-add-needed --eh-frame-hdr --hash-style=gnu -m elf_x86_64 -export-dynamic -dynamic-linker /lib64/ld-linux-x86-64.so.2 -o cmTryCompileExec2019244175 /usr/lib/gcc/x86_64-redhat-linux/4.8.5/../../../../lib64/crt1.o /usr/lib/gcc/x86_64-redhat-linux/4.8.5/../../../../lib64/crti.o /usr/lib/gcc/x86_64-redhat-linux/4.8.5/crtbegin.o -L/usr/lib/gcc/x86_64-redhat-linux/4.8.5 -L/usr/lib/gcc/x86_64-redhat-linux/4.8.5/../../../../lib64 -L/lib/../lib64 -L/usr/lib/../lib64 -L/usr/lib/gcc/x86_64-redhat-linux/4.8.5/../../.. CMakeFiles/cmTryCompileExec2019244175.dir/CMakeCCompilerABI.c.o -lgcc --as-needed -lgcc_s --no-as-needed -lc -lgcc --as-needed -lgcc_s --no-as-needed /usr/lib/gcc/x86_64-redhat-linux/4.8.5/crtend.o /usr/lib/gcc/x86_64-redhat-linux/4.8.5/../../../../lib64/crtn.o]
    arg [/usr/libexec/gcc/x86_64-redhat-linux/4.8.5/collect2] ==> ignore
    arg [--build-id] ==> ignore
    arg [--no-add-needed] ==> ignore
    arg [--eh-frame-hdr] ==> ignore
    arg [--hash-style=gnu] ==> ignore
    arg [-m] ==> ignore
    arg [elf_x86_64] ==> ignore
    arg [-export-dynamic] ==> ignore
    arg [-dynamic-linker] ==> ignore
    arg [/lib64/ld-linux-x86-64.so.2] ==> ignore
    arg [-o] ==> ignore
    arg [cmTryCompileExec2019244175] ==> ignore
    arg [/usr/lib/gcc/x86_64-redhat-linux/4.8.5/../../../../lib64/crt1.o] ==> ignore
    arg [/usr/lib/gcc/x86_64-redhat-linux/4.8.5/../../../../lib64/crti.o] ==> ignore
    arg [/usr/lib/gcc/x86_64-redhat-linux/4.8.5/crtbegin.o] ==> ignore
    arg [-L/usr/lib/gcc/x86_64-redhat-linux/4.8.5] ==> dir [/usr/lib/gcc/x86_64-redhat-linux/4.8.5]
    arg [-L/usr/lib/gcc/x86_64-redhat-linux/4.8.5/../../../../lib64] ==> dir [/usr/lib/gcc/x86_64-redhat-linux/4.8.5/../../../../lib64]
    arg [-L/lib/../lib64] ==> dir [/lib/../lib64]
    arg [-L/usr/lib/../lib64] ==> dir [/usr/lib/../lib64]
    arg [-L/usr/lib/gcc/x86_64-redhat-linux/4.8.5/../../..] ==> dir [/usr/lib/gcc/x86_64-redhat-linux/4.8.5/../../..]
    arg [CMakeFiles/cmTryCompileExec2019244175.dir/CMakeCCompilerABI.c.o] ==> ignore
    arg [-lgcc] ==> lib [gcc]
    arg [--as-needed] ==> ignore
    arg [-lgcc_s] ==> lib [gcc_s]
    arg [--no-as-needed] ==> ignore
    arg [-lc] ==> lib [c]
    arg [-lgcc] ==> lib [gcc]
    arg [--as-needed] ==> ignore
    arg [-lgcc_s] ==> lib [gcc_s]
    arg [--no-as-needed] ==> ignore
    arg [/usr/lib/gcc/x86_64-redhat-linux/4.8.5/crtend.o] ==> ignore
    arg [/usr/lib/gcc/x86_64-redhat-linux/4.8.5/../../../../lib64/crtn.o] ==> ignore
  remove lib [gcc]
  remove lib [gcc_s]
  remove lib [gcc]
  remove lib [gcc_s]
  collapse library dir [/usr/lib/gcc/x86_64-redhat-linux/4.8.5] ==> [/usr/lib/gcc/x86_64-redhat-linux/4.8.5]
  collapse library dir [/usr/lib/gcc/x86_64-redhat-linux/4.8.5/../../../../lib64] ==> [/usr/lib64]
  collapse library dir [/lib/../lib64] ==> [/lib64]
  collapse library dir [/usr/lib/../lib64] ==> [/usr/lib64]
  collapse library dir [/usr/lib/gcc/x86_64-redhat-linux/4.8.5/../../..] ==> [/usr/lib]
  implicit libs: [c]
  implicit dirs: [/usr/lib/gcc/x86_64-redhat-linux/4.8.5;/usr/lib64;/lib64;/usr/lib]
  implicit fwks: []


Determining if the include file pthread.h exists passed with the following output:
Change Dir: /home/mahi/labs/NFIQ2/NFIQ2/libOpenCV/CMakeFiles/CMakeTmp

Run Build Command:make "cmTryCompileExec1577265732/fast"
make -f CMakeFiles/cmTryCompileExec1577265732.dir/build.make CMakeFiles/cmTryCompileExec1577265732.dir/build
make[1]: Entering directory `/home/mahi/labs/NFIQ2/NFIQ2/libOpenCV/CMakeFiles/CMakeTmp'
/usr/bin/cmake -E cmake_progress_report /home/mahi/labs/NFIQ2/NFIQ2/libOpenCV/CMakeFiles/CMakeTmp/CMakeFiles 1
Building C object CMakeFiles/cmTryCompileExec1577265732.dir/CheckIncludeFile.c.o
/usr/bin/cc   -fsigned-char -W -Wall -Werror=return-type -Werror=address -Werror=sequence-point -Wformat -Werror=format-security -Wmissing-declarations -Wmissing-prototypes -Wstrict-prototypes -Wundef -Winit-self -Wpointer-arith -Wshadow -Wno-narrowing -Wno-comment -Wno-array-bounds -Wno-aggressive-loop-optimizations -fdiagnostics-show-option -Wno-long-long -pthread -fomit-frame-pointer -msse -msse2 -msse3 -ffunction-sections  -O3 -DNDEBUG   -o CMakeFiles/cmTryCompileExec1577265732.dir/CheckIncludeFile.c.o   -c /home/mahi/labs/NFIQ2/NFIQ2/libOpenCV/CMakeFiles/CMakeTmp/CheckIncludeFile.c
Linking C executable cmTryCompileExec1577265732
/usr/bin/cmake -E cmake_link_script CMakeFiles/cmTryCompileExec1577265732.dir/link.txt --verbose=1
/usr/bin/cc     -fsigned-char -W -Wall -Werror=return-type -Werror=address -Werror=sequence-point -Wformat -Werror=format-security -Wmissing-declarations -Wmissing-prototypes -Wstrict-prototypes -Wundef -Winit-self -Wpointer-arith -Wshadow -Wno-narrowing -Wno-comment -Wno-array-bounds -Wno-aggressive-loop-optimizations -fdiagnostics-show-option -Wno-long-long -pthread -fomit-frame-pointer -msse -msse2 -msse3 -ffunction-sections  -O3 -DNDEBUG    CMakeFiles/cmTryCompileExec1577265732.dir/CheckIncludeFile.c.o  -o cmTryCompileExec1577265732 -rdynamic 
make[1]: Leaving directory `/home/mahi/labs/NFIQ2/NFIQ2/libOpenCV/CMakeFiles/CMakeTmp'


Determining if the include file sys/types.h exists passed with the following output:
Change Dir: /home/mahi/labs/NFIQ2/NFIQ2/libOpenCV/CMakeFiles/CMakeTmp

Run Build Command:make "cmTryCompileExec3388322940/fast"
make -f CMakeFiles/cmTryCompileExec3388322940.dir/build.make CMakeFiles/cmTryCompileExec3388322940.dir/build
make[1]: Entering directory `/home/mahi/labs/NFIQ2/NFIQ2/libOpenCV/CMakeFiles/CMakeTmp'
/usr/bin/cmake -E cmake_progress_report /home/mahi/labs/NFIQ2/NFIQ2/libOpenCV/CMakeFiles/CMakeTmp/CMakeFiles 1
Building C object CMakeFiles/cmTryCompileExec3388322940.dir/CheckIncludeFile.c.o
/usr/bin/cc   -fsigned-char -W -Wall -Werror=return-type -Werror=address -Werror=sequence-point -Wformat -Werror=format-security -Wmissing-declarations -Wmissing-prototypes -Wstrict-prototypes -Wundef -Winit-self -Wpointer-arith -Wshadow -Wno-narrowing -Wno-comment -Wno-array-bounds -Wno-aggressive-loop-optimizations -fdiagnostics-show-option -Wno-long-long -pthread -fomit-frame-pointer -msse -msse2 -msse3 -ffunction-sections  -O3 -DNDEBUG   -o CMakeFiles/cmTryCompileExec3388322940.dir/CheckIncludeFile.c.o   -c /home/mahi/labs/NFIQ2/NFIQ2/libOpenCV/CMakeFiles/CMakeTmp/CheckIncludeFile.c
Linking C executable cmTryCompileExec3388322940
/usr/bin/cmake -E cmake_link_script CMakeFiles/cmTryCompileExec3388322940.dir/link.txt --verbose=1
/usr/bin/cc     -fsigned-char -W -Wall -Werror=return-type -Werror=address -Werror=sequence-point -Wformat -Werror=format-security -Wmissing-declarations -Wmissing-prototypes -Wstrict-prototypes -Wundef -Winit-self -Wpointer-arith -Wshadow -Wno-narrowing -Wno-comment -Wno-array-bounds -Wno-aggressive-loop-optimizations -fdiagnostics-show-option -Wno-long-long -pthread -fomit-frame-pointer -msse -msse2 -msse3 -ffunction-sections  -O3 -DNDEBUG    CMakeFiles/cmTryCompileExec3388322940.dir/CheckIncludeFile.c.o  -o cmTryCompileExec3388322940 -rdynamic 
make[1]: Leaving directory `/home/mahi/labs/NFIQ2/NFIQ2/libOpenCV/CMakeFiles/CMakeTmp'


Determining if the include file stdint.h exists passed with the following output:
Change Dir: /home/mahi/labs/NFIQ2/NFIQ2/libOpenCV/CMakeFiles/CMakeTmp

Run Build Command:make "cmTryCompileExec2573951349/fast"
make -f CMakeFiles/cmTryCompileExec2573951349.dir/build.make CMakeFiles/cmTryCompileExec2573951349.dir/build
make[1]: Entering directory `/home/mahi/labs/NFIQ2/NFIQ2/libOpenCV/CMakeFiles/CMakeTmp'
/usr/bin/cmake -E cmake_progress_report /home/mahi/labs/NFIQ2/NFIQ2/libOpenCV/CMakeFiles/CMakeTmp/CMakeFiles 1
Building C object CMakeFiles/cmTryCompileExec2573951349.dir/CheckIncludeFile.c.o
/usr/bin/cc   -fsigned-char -W -Wall -Werror=return-type -Werror=address -Werror=sequence-point -Wformat -Werror=format-security -Wmissing-declarations -Wmissing-prototypes -Wstrict-prototypes -Wundef -Winit-self -Wpointer-arith -Wshadow -Wno-narrowing -Wno-comment -Wno-array-bounds -Wno-aggressive-loop-optimizations -fdiagnostics-show-option -Wno-long-long -pthread -fomit-frame-pointer -msse -msse2 -msse3 -ffunction-sections  -O3 -DNDEBUG   -o CMakeFiles/cmTryCompileExec2573951349.dir/CheckIncludeFile.c.o   -c /home/mahi/labs/NFIQ2/NFIQ2/libOpenCV/CMakeFiles/CMakeTmp/CheckIncludeFile.c
Linking C executable cmTryCompileExec2573951349
/usr/bin/cmake -E cmake_link_script CMakeFiles/cmTryCompileExec2573951349.dir/link.txt --verbose=1
/usr/bin/cc     -fsigned-char -W -Wall -Werror=return-type -Werror=address -Werror=sequence-point -Wformat -Werror=format-security -Wmissing-declarations -Wmissing-prototypes -Wstrict-prototypes -Wundef -Winit-self -Wpointer-arith -Wshadow -Wno-narrowing -Wno-comment -Wno-array-bounds -Wno-aggressive-loop-optimizations -fdiagnostics-show-option -Wno-long-long -pthread -fomit-frame-pointer -msse -msse2 -msse3 -ffunction-sections  -O3 -DNDEBUG    CMakeFiles/cmTryCompileExec2573951349.dir/CheckIncludeFile.c.o  -o cmTryCompileExec2573951349 -rdynamic 
make[1]: Leaving directory `/home/mahi/labs/NFIQ2/NFIQ2/libOpenCV/CMakeFiles/CMakeTmp'


Determining if the include file stddef.h exists passed with the following output:
Change Dir: /home/mahi/labs/NFIQ2/NFIQ2/libOpenCV/CMakeFiles/CMakeTmp

Run Build Command:make "cmTryCompileExec3834248011/fast"
make -f CMakeFiles/cmTryCompileExec3834248011.dir/build.make CMakeFiles/cmTryCompileExec3834248011.dir/build
make[1]: Entering directory `/home/mahi/labs/NFIQ2/NFIQ2/libOpenCV/CMakeFiles/CMakeTmp'
/usr/bin/cmake -E cmake_progress_report /home/mahi/labs/NFIQ2/NFIQ2/libOpenCV/CMakeFiles/CMakeTmp/CMakeFiles 1
Building C object CMakeFiles/cmTryCompileExec3834248011.dir/CheckIncludeFile.c.o
/usr/bin/cc   -fsigned-char -W -Wall -Werror=return-type -Werror=address -Werror=sequence-point -Wformat -Werror=format-security -Wmissing-declarations -Wmissing-prototypes -Wstrict-prototypes -Wundef -Winit-self -Wpointer-arith -Wshadow -Wno-narrowing -Wno-comment -Wno-array-bounds -Wno-aggressive-loop-optimizations -fdiagnostics-show-option -Wno-long-long -pthread -fomit-frame-pointer -msse -msse2 -msse3 -ffunction-sections  -O3 -DNDEBUG   -o CMakeFiles/cmTryCompileExec3834248011.dir/CheckIncludeFile.c.o   -c /home/mahi/labs/NFIQ2/NFIQ2/libOpenCV/CMakeFiles/CMakeTmp/CheckIncludeFile.c
Linking C executable cmTryCompileExec3834248011
/usr/bin/cmake -E cmake_link_script CMakeFiles/cmTryCompileExec3834248011.dir/link.txt --verbose=1
/usr/bin/cc     -fsigned-char -W -Wall -Werror=return-type -Werror=address -Werror=sequence-point -Wformat -Werror=format-security -Wmissing-declarations -Wmissing-prototypes -Wstrict-prototypes -Wundef -Winit-self -Wpointer-arith -Wshadow -Wno-narrowing -Wno-comment -Wno-array-bounds -Wno-aggressive-loop-optimizations -fdiagnostics-show-option -Wno-long-long -pthread -fomit-frame-pointer -msse -msse2 -msse3 -ffunction-sections  -O3 -DNDEBUG    CMakeFiles/cmTryCompileExec3834248011.dir/CheckIncludeFile.c.o  -o cmTryCompileExec3834248011 -rdynamic 
make[1]: Leaving directory `/home/mahi/labs/NFIQ2/NFIQ2/libOpenCV/CMakeFiles/CMakeTmp'


Determining size of unsigned short passed with the following output:
Change Dir: /home/mahi/labs/NFIQ2/NFIQ2/libOpenCV/CMakeFiles/CMakeTmp

Run Build Command:make "cmTryCompileExec3262095175/fast"
make -f CMakeFiles/cmTryCompileExec3262095175.dir/build.make CMakeFiles/cmTryCompileExec3262095175.dir/build
make[1]: Entering directory `/home/mahi/labs/NFIQ2/NFIQ2/libOpenCV/CMakeFiles/CMakeTmp'
/usr/bin/cmake -E cmake_progress_report /home/mahi/labs/NFIQ2/NFIQ2/libOpenCV/CMakeFiles/CMakeTmp/CMakeFiles 1
Building C object CMakeFiles/cmTryCompileExec3262095175.dir/CMAKE_SIZEOF_UNSIGNED_SHORT.c.o
/usr/bin/cc   -fsigned-char -W -Wall -Werror=return-type -Werror=address -Werror=sequence-point -Wformat -Werror=format-security -Wmissing-declarations -Wmissing-prototypes -Wstrict-prototypes -Wundef -Winit-self -Wpointer-arith -Wshadow -Wno-narrowing -Wno-comment -Wno-array-bounds -Wno-aggressive-loop-optimizations -fdiagnostics-show-option -Wno-long-long -pthread -fomit-frame-pointer -msse -msse2 -msse3 -ffunction-sections  -O3 -DNDEBUG   -o CMakeFiles/cmTryCompileExec3262095175.dir/CMAKE_SIZEOF_UNSIGNED_SHORT.c.o   -c /home/mahi/labs/NFIQ2/NFIQ2/libOpenCV/CMakeFiles/CheckTypeSize/CMAKE_SIZEOF_UNSIGNED_SHORT.c
Linking C executable cmTryCompileExec3262095175
/usr/bin/cmake -E cmake_link_script CMakeFiles/cmTryCompileExec3262095175.dir/link.txt --verbose=1
/usr/bin/cc     -fsigned-char -W -Wall -Werror=return-type -Werror=address -Werror=sequence-point -Wformat -Werror=format-security -Wmissing-declarations -Wmissing-prototypes -Wstrict-prototypes -Wundef -Winit-self -Wpointer-arith -Wshadow -Wno-narrowing -Wno-comment -Wno-array-bounds -Wno-aggressive-loop-optimizations -fdiagnostics-show-option -Wno-long-long -pthread -fomit-frame-pointer -msse -msse2 -msse3 -ffunction-sections  -O3 -DNDEBUG    CMakeFiles/cmTryCompileExec3262095175.dir/CMAKE_SIZEOF_UNSIGNED_SHORT.c.o  -o cmTryCompileExec3262095175 -rdynamic 
make[1]: Leaving directory `/home/mahi/labs/NFIQ2/NFIQ2/libOpenCV/CMakeFiles/CMakeTmp'


Determining if the function fseeko exists passed with the following output:
Change Dir: /home/mahi/labs/NFIQ2/NFIQ2/libOpenCV/CMakeFiles/CMakeTmp

Run Build Command:make "cmTryCompileExec1603480164/fast"
make -f CMakeFiles/cmTryCompileExec1603480164.dir/build.make CMakeFiles/cmTryCompileExec1603480164.dir/build
make[1]: Entering directory `/home/mahi/labs/NFIQ2/NFIQ2/libOpenCV/CMakeFiles/CMakeTmp'
/usr/bin/cmake -E cmake_progress_report /home/mahi/labs/NFIQ2/NFIQ2/libOpenCV/CMakeFiles/CMakeTmp/CMakeFiles 1
Building C object CMakeFiles/cmTryCompileExec1603480164.dir/CheckFunctionExists.c.o
/usr/bin/cc   -fsigned-char -W -Wall -Werror=return-type -Werror=address -Werror=sequence-point -Wformat -Werror=format-security -Wmissing-declarations -Wmissing-prototypes -Wstrict-prototypes -Wundef -Winit-self -Wpointer-arith -Wshadow -Wno-narrowing -Wno-comment -Wno-array-bounds -Wno-aggressive-loop-optimizations -fdiagnostics-show-option -Wno-long-long -pthread -fomit-frame-pointer -msse -msse2 -msse3 -ffunction-sections -DCHECK_FUNCTION_EXISTS=fseeko -O3 -DNDEBUG   -o CMakeFiles/cmTryCompileExec1603480164.dir/CheckFunctionExists.c.o   -c /usr/share/cmake/Modules/CheckFunctionExists.c
/usr/share/cmake/Modules/CheckFunctionExists.c:3:1: warning: function declaration isn't a prototype [-Wstrict-prototypes]
 char CHECK_FUNCTION_EXISTS();
 ^
Linking C executable cmTryCompileExec1603480164
/usr/bin/cmake -E cmake_link_script CMakeFiles/cmTryCompileExec1603480164.dir/link.txt --verbose=1
/usr/bin/cc     -fsigned-char -W -Wall -Werror=return-type -Werror=address -Werror=sequence-point -Wformat -Werror=format-security -Wmissing-declarations -Wmissing-prototypes -Wstrict-prototypes -Wundef -Winit-self -Wpointer-arith -Wshadow -Wno-narrowing -Wno-comment -Wno-array-bounds -Wno-aggressive-loop-optimizations -fdiagnostics-show-option -Wno-long-long -pthread -fomit-frame-pointer -msse -msse2 -msse3 -ffunction-sections -DCHECK_FUNCTION_EXISTS=fseeko -O3 -DNDEBUG    CMakeFiles/cmTryCompileExec1603480164.dir/CheckFunctionExists.c.o  -o cmTryCompileExec1603480164 -rdynamic 
make[1]: Leaving directory `/home/mahi/labs/NFIQ2/NFIQ2/libOpenCV/CMakeFiles/CMakeTmp'


Determining if the include file unistd.h exists passed with the following output:
Change Dir: /home/mahi/labs/NFIQ2/NFIQ2/libOpenCV/CMakeFiles/CMakeTmp

Run Build Command:make "cmTryCompileExec3079528381/fast"
make -f CMakeFiles/cmTryCompileExec3079528381.dir/build.make CMakeFiles/cmTryCompileExec3079528381.dir/build
make[1]: Entering directory `/home/mahi/labs/NFIQ2/NFIQ2/libOpenCV/CMakeFiles/CMakeTmp'
/usr/bin/cmake -E cmake_progress_report /home/mahi/labs/NFIQ2/NFIQ2/libOpenCV/CMakeFiles/CMakeTmp/CMakeFiles 1
Building C object CMakeFiles/cmTryCompileExec3079528381.dir/CheckIncludeFile.c.o
/usr/bin/cc   -fsigned-char -W -Wall -Werror=return-type -Werror=address -Werror=sequence-point -Wformat -Werror=format-security -Wmissing-declarations -Wmissing-prototypes -Wstrict-prototypes -Wundef -Winit-self -Wpointer-arith -Wshadow -Wno-narrowing -Wno-comment -Wno-array-bounds -Wno-aggressive-loop-optimizations -fdiagnostics-show-option -Wno-long-long -pthread -fomit-frame-pointer -msse -msse2 -msse3 -ffunction-sections  -O3 -DNDEBUG   -o CMakeFiles/cmTryCompileExec3079528381.dir/CheckIncludeFile.c.o   -c /home/mahi/labs/NFIQ2/NFIQ2/libOpenCV/CMakeFiles/CMakeTmp/CheckIncludeFile.c
Linking C executable cmTryCompileExec3079528381
/usr/bin/cmake -E cmake_link_script CMakeFiles/cmTryCompileExec3079528381.dir/link.txt --verbose=1
/usr/bin/cc     -fsigned-char -W -Wall -Werror=return-type -Werror=address -Werror=sequence-point -Wformat -Werror=format-security -Wmissing-declarations -Wmissing-prototypes -Wstrict-prototypes -Wundef -Winit-self -Wpointer-arith -Wshadow -Wno-narrowing -Wno-comment -Wno-array-bounds -Wno-aggressive-loop-optimizations -fdiagnostics-show-option -Wno-long-long -pthread -fomit-frame-pointer -msse -msse2 -msse3 -ffunction-sections  -O3 -DNDEBUG    CMakeFiles/cmTryCompileExec3079528381.dir/CheckIncludeFile.c.o  -o cmTryCompileExec3079528381 -rdynamic 
make[1]: Leaving directory `/home/mahi/labs/NFIQ2/NFIQ2/libOpenCV/CMakeFiles/CMakeTmp'


Determining if the include file assert.h exists passed with the following output:
Change Dir: /home/mahi/labs/NFIQ2/NFIQ2/libOpenCV/CMakeFiles/CMakeTmp

Run Build Command:make "cmTryCompileExec1155255066/fast"
make -f CMakeFiles/cmTryCompileExec1155255066.dir/build.make CMakeFiles/cmTryCompileExec1155255066.dir/build
make[1]: Entering directory `/home/mahi/labs/NFIQ2/NFIQ2/libOpenCV/CMakeFiles/CMakeTmp'
/usr/bin/cmake -E cmake_progress_report /home/mahi/labs/NFIQ2/NFIQ2/libOpenCV/CMakeFiles/CMakeTmp/CMakeFiles 1
Building C object CMakeFiles/cmTryCompileExec1155255066.dir/CheckIncludeFile.c.o
/usr/bin/cc   -fsigned-char -W -Wall -Werror=return-type -Werror=address -Werror=sequence-point -Wformat -Werror=format-security -Wmissing-declarations -Wmissing-prototypes -Wstrict-prototypes -Wundef -Winit-self -Wpointer-arith -Wshadow -Wno-narrowing -Wno-comment -Wno-array-bounds -Wno-aggressive-loop-optimizations -fdiagnostics-show-option -Wno-long-long -pthread -fomit-frame-pointer -msse -msse2 -msse3 -ffunction-sections  -O3 -DNDEBUG   -o CMakeFiles/cmTryCompileExec1155255066.dir/CheckIncludeFile.c.o   -c /home/mahi/labs/NFIQ2/NFIQ2/libOpenCV/CMakeFiles/CMakeTmp/CheckIncludeFile.c
Linking C executable cmTryCompileExec1155255066
/usr/bin/cmake -E cmake_link_script CMakeFiles/cmTryCompileExec1155255066.dir/link.txt --verbose=1
/usr/bin/cc     -fsigned-char -W -Wall -Werror=return-type -Werror=address -Werror=sequence-point -Wformat -Werror=format-security -Wmissing-declarations -Wmissing-prototypes -Wstrict-prototypes -Wundef -Winit-self -Wpointer-arith -Wshadow -Wno-narrowing -Wno-comment -Wno-array-bounds -Wno-aggressive-loop-optimizations -fdiagnostics-show-option -Wno-long-long -pthread -fomit-frame-pointer -msse -msse2 -msse3 -ffunction-sections  -O3 -DNDEBUG    CMakeFiles/cmTryCompileExec1155255066.dir/CheckIncludeFile.c.o  -o cmTryCompileExec1155255066 -rdynamic 
make[1]: Leaving directory `/home/mahi/labs/NFIQ2/NFIQ2/libOpenCV/CMakeFiles/CMakeTmp'


Determining if the include file fcntl.h exists passed with the following output:
Change Dir: /home/mahi/labs/NFIQ2/NFIQ2/libOpenCV/CMakeFiles/CMakeTmp

Run Build Command:make "cmTryCompileExec1042595501/fast"
make -f CMakeFiles/cmTryCompileExec1042595501.dir/build.make CMakeFiles/cmTryCompileExec1042595501.dir/build
make[1]: Entering directory `/home/mahi/labs/NFIQ2/NFIQ2/libOpenCV/CMakeFiles/CMakeTmp'
/usr/bin/cmake -E cmake_progress_report /home/mahi/labs/NFIQ2/NFIQ2/libOpenCV/CMakeFiles/CMakeTmp/CMakeFiles 1
Building C object CMakeFiles/cmTryCompileExec1042595501.dir/CheckIncludeFile.c.o
/usr/bin/cc   -fsigned-char -W -Wall -Werror=return-type -Werror=address -Werror=sequence-point -Wformat -Werror=format-security -Wmissing-declarations -Wmissing-prototypes -Wstrict-prototypes -Wundef -Winit-self -Wpointer-arith -Wshadow -Wno-narrowing -Wno-comment -Wno-array-bounds -Wno-aggressive-loop-optimizations -fdiagnostics-show-option -Wno-long-long -pthread -fomit-frame-pointer -msse -msse2 -msse3 -ffunction-sections  -O3 -DNDEBUG   -o CMakeFiles/cmTryCompileExec1042595501.dir/CheckIncludeFile.c.o   -c /home/mahi/labs/NFIQ2/NFIQ2/libOpenCV/CMakeFiles/CMakeTmp/CheckIncludeFile.c
Linking C executable cmTryCompileExec1042595501
/usr/bin/cmake -E cmake_link_script CMakeFiles/cmTryCompileExec1042595501.dir/link.txt --verbose=1
/usr/bin/cc     -fsigned-char -W -Wall -Werror=return-type -Werror=address -Werror=sequence-point -Wformat -Werror=format-security -Wmissing-declarations -Wmissing-prototypes -Wstrict-prototypes -Wundef -Winit-self -Wpointer-arith -Wshadow -Wno-narrowing -Wno-comment -Wno-array-bounds -Wno-aggressive-loop-optimizations -fdiagnostics-show-option -Wno-long-long -pthread -fomit-frame-pointer -msse -msse2 -msse3 -ffunction-sections  -O3 -DNDEBUG    CMakeFiles/cmTryCompileExec1042595501.dir/CheckIncludeFile.c.o  -o cmTryCompileExec1042595501 -rdynamic 
make[1]: Leaving directory `/home/mahi/labs/NFIQ2/NFIQ2/libOpenCV/CMakeFiles/CMakeTmp'


Determining if the function mmap exists passed with the following output:
Change Dir: /home/mahi/labs/NFIQ2/NFIQ2/libOpenCV/CMakeFiles/CMakeTmp

Run Build Command:make "cmTryCompileExec3047016181/fast"
make -f CMakeFiles/cmTryCompileExec3047016181.dir/build.make CMakeFiles/cmTryCompileExec3047016181.dir/build
make[1]: Entering directory `/home/mahi/labs/NFIQ2/NFIQ2/libOpenCV/CMakeFiles/CMakeTmp'
/usr/bin/cmake -E cmake_progress_report /home/mahi/labs/NFIQ2/NFIQ2/libOpenCV/CMakeFiles/CMakeTmp/CMakeFiles 1
Building C object CMakeFiles/cmTryCompileExec3047016181.dir/CheckFunctionExists.c.o
/usr/bin/cc   -fsigned-char -W -Wall -Werror=return-type -Werror=address -Werror=sequence-point -Wformat -Werror=format-security -Wmissing-declarations -Wmissing-prototypes -Wstrict-prototypes -Wundef -Winit-self -Wpointer-arith -Wshadow -Wno-narrowing -Wno-comment -Wno-array-bounds -Wno-aggressive-loop-optimizations -fdiagnostics-show-option -Wno-long-long -pthread -fomit-frame-pointer -msse -msse2 -msse3 -ffunction-sections -DCHECK_FUNCTION_EXISTS=mmap -O3 -DNDEBUG   -o CMakeFiles/cmTryCompileExec3047016181.dir/CheckFunctionExists.c.o   -c /usr/share/cmake/Modules/CheckFunctionExists.c
/usr/share/cmake/Modules/CheckFunctionExists.c:3:1: warning: function declaration isn't a prototype [-Wstrict-prototypes]
 char CHECK_FUNCTION_EXISTS();
 ^
Linking C executable cmTryCompileExec3047016181
/usr/bin/cmake -E cmake_link_script CMakeFiles/cmTryCompileExec3047016181.dir/link.txt --verbose=1
/usr/bin/cc     -fsigned-char -W -Wall -Werror=return-type -Werror=address -Werror=sequence-point -Wformat -Werror=format-security -Wmissing-declarations -Wmissing-prototypes -Wstrict-prototypes -Wundef -Winit-self -Wpointer-arith -Wshadow -Wno-narrowing -Wno-comment -Wno-array-bounds -Wno-aggressive-loop-optimizations -fdiagnostics-show-option -Wno-long-long -pthread -fomit-frame-pointer -msse -msse2 -msse3 -ffunction-sections -DCHECK_FUNCTION_EXISTS=mmap -O3 -DNDEBUG    CMakeFiles/cmTryCompileExec3047016181.dir/CheckFunctionExists.c.o  -o cmTryCompileExec3047016181 -rdynamic 
make[1]: Leaving directory `/home/mahi/labs/NFIQ2/NFIQ2/libOpenCV/CMakeFiles/CMakeTmp'


Determining if the include file search.h exists passed with the following output:
Change Dir: /home/mahi/labs/NFIQ2/NFIQ2/libOpenCV/CMakeFiles/CMakeTmp

Run Build Command:make "cmTryCompileExec844258612/fast"
make -f CMakeFiles/cmTryCompileExec844258612.dir/build.make CMakeFiles/cmTryCompileExec844258612.dir/build
make[1]: Entering directory `/home/mahi/labs/NFIQ2/NFIQ2/libOpenCV/CMakeFiles/CMakeTmp'
/usr/bin/cmake -E cmake_progress_report /home/mahi/labs/NFIQ2/NFIQ2/libOpenCV/CMakeFiles/CMakeTmp/CMakeFiles 1
Building C object CMakeFiles/cmTryCompileExec844258612.dir/CheckIncludeFile.c.o
/usr/bin/cc   -fsigned-char -W -Wall -Werror=return-type -Werror=address -Werror=sequence-point -Wformat -Werror=format-security -Wmissing-declarations -Wmissing-prototypes -Wstrict-prototypes -Wundef -Winit-self -Wpointer-arith -Wshadow -Wno-narrowing -Wno-comment -Wno-array-bounds -Wno-aggressive-loop-optimizations -fdiagnostics-show-option -Wno-long-long -pthread -fomit-frame-pointer -msse -msse2 -msse3 -ffunction-sections  -O3 -DNDEBUG   -o CMakeFiles/cmTryCompileExec844258612.dir/CheckIncludeFile.c.o   -c /home/mahi/labs/NFIQ2/NFIQ2/libOpenCV/CMakeFiles/CMakeTmp/CheckIncludeFile.c
Linking C executable cmTryCompileExec844258612
/usr/bin/cmake -E cmake_link_script CMakeFiles/cmTryCompileExec844258612.dir/link.txt --verbose=1
/usr/bin/cc     -fsigned-char -W -Wall -Werror=return-type -Werror=address -Werror=sequence-point -Wformat -Werror=format-security -Wmissing-declarations -Wmissing-prototypes -Wstrict-prototypes -Wundef -Winit-self -Wpointer-arith -Wshadow -Wno-narrowing -Wno-comment -Wno-array-bounds -Wno-aggressive-loop-optimizations -fdiagnostics-show-option -Wno-long-long -pthread -fomit-frame-pointer -msse -msse2 -msse3 -ffunction-sections  -O3 -DNDEBUG    CMakeFiles/cmTryCompileExec844258612.dir/CheckIncludeFile.c.o  -o cmTryCompileExec844258612 -rdynamic 
make[1]: Leaving directory `/home/mahi/labs/NFIQ2/NFIQ2/libOpenCV/CMakeFiles/CMakeTmp'


Determining if the include file string.h exists passed with the following output:
Change Dir: /home/mahi/labs/NFIQ2/NFIQ2/libOpenCV/CMakeFiles/CMakeTmp

Run Build Command:make "cmTryCompileExec2766142329/fast"
make -f CMakeFiles/cmTryCompileExec2766142329.dir/build.make CMakeFiles/cmTryCompileExec2766142329.dir/build
make[1]: Entering directory `/home/mahi/labs/NFIQ2/NFIQ2/libOpenCV/CMakeFiles/CMakeTmp'
/usr/bin/cmake -E cmake_progress_report /home/mahi/labs/NFIQ2/NFIQ2/libOpenCV/CMakeFiles/CMakeTmp/CMakeFiles 1
Building C object CMakeFiles/cmTryCompileExec2766142329.dir/CheckIncludeFile.c.o
/usr/bin/cc   -fsigned-char -W -Wall -Werror=return-type -Werror=address -Werror=sequence-point -Wformat -Werror=format-security -Wmissing-declarations -Wmissing-prototypes -Wstrict-prototypes -Wundef -Winit-self -Wpointer-arith -Wshadow -Wno-narrowing -Wno-comment -Wno-array-bounds -Wno-aggressive-loop-optimizations -fdiagnostics-show-option -Wno-long-long -pthread -fomit-frame-pointer -msse -msse2 -msse3 -ffunction-sections  -O3 -DNDEBUG   -o CMakeFiles/cmTryCompileExec2766142329.dir/CheckIncludeFile.c.o   -c /home/mahi/labs/NFIQ2/NFIQ2/libOpenCV/CMakeFiles/CMakeTmp/CheckIncludeFile.c
Linking C executable cmTryCompileExec2766142329
/usr/bin/cmake -E cmake_link_script CMakeFiles/cmTryCompileExec2766142329.dir/link.txt --verbose=1
/usr/bin/cc     -fsigned-char -W -Wall -Werror=return-type -Werror=address -Werror=sequence-point -Wformat -Werror=format-security -Wmissing-declarations -Wmissing-prototypes -Wstrict-prototypes -Wundef -Winit-self -Wpointer-arith -Wshadow -Wno-narrowing -Wno-comment -Wno-array-bounds -Wno-aggressive-loop-optimizations -fdiagnostics-show-option -Wno-long-long -pthread -fomit-frame-pointer -msse -msse2 -msse3 -ffunction-sections  -O3 -DNDEBUG    CMakeFiles/cmTryCompileExec2766142329.dir/CheckIncludeFile.c.o  -o cmTryCompileExec2766142329 -rdynamic 
make[1]: Leaving directory `/home/mahi/labs/NFIQ2/NFIQ2/libOpenCV/CMakeFiles/CMakeTmp'


Determining if the include file unistd.h exists passed with the following output:
Change Dir: /home/mahi/labs/NFIQ2/NFIQ2/libOpenCV/CMakeFiles/CMakeTmp

Run Build Command:make "cmTryCompileExec1699674025/fast"
make -f CMakeFiles/cmTryCompileExec1699674025.dir/build.make CMakeFiles/cmTryCompileExec1699674025.dir/build
make[1]: Entering directory `/home/mahi/labs/NFIQ2/NFIQ2/libOpenCV/CMakeFiles/CMakeTmp'
/usr/bin/cmake -E cmake_progress_report /home/mahi/labs/NFIQ2/NFIQ2/libOpenCV/CMakeFiles/CMakeTmp/CMakeFiles 1
Building C object CMakeFiles/cmTryCompileExec1699674025.dir/CheckIncludeFile.c.o
/usr/bin/cc   -fsigned-char -W -Wall -Werror=return-type -Werror=address -Werror=sequence-point -Wformat -Werror=format-security -Wmissing-declarations -Wmissing-prototypes -Wstrict-prototypes -Wundef -Winit-self -Wpointer-arith -Wshadow -Wno-narrowing -Wno-comment -Wno-array-bounds -Wno-aggressive-loop-optimizations -fdiagnostics-show-option -Wno-long-long -pthread -fomit-frame-pointer -msse -msse2 -msse3 -ffunction-sections  -O3 -DNDEBUG   -o CMakeFiles/cmTryCompileExec1699674025.dir/CheckIncludeFile.c.o   -c /home/mahi/labs/NFIQ2/NFIQ2/libOpenCV/CMakeFiles/CMakeTmp/CheckIncludeFile.c
Linking C executable cmTryCompileExec1699674025
/usr/bin/cmake -E cmake_link_script CMakeFiles/cmTryCompileExec1699674025.dir/link.txt --verbose=1
/usr/bin/cc     -fsigned-char -W -Wall -Werror=return-type -Werror=address -Werror=sequence-point -Wformat -Werror=format-security -Wmissing-declarations -Wmissing-prototypes -Wstrict-prototypes -Wundef -Winit-self -Wpointer-arith -Wshadow -Wno-narrowing -Wno-comment -Wno-array-bounds -Wno-aggressive-loop-optimizations -fdiagnostics-show-option -Wno-long-long -pthread -fomit-frame-pointer -msse -msse2 -msse3 -ffunction-sections  -O3 -DNDEBUG    CMakeFiles/cmTryCompileExec1699674025.dir/CheckIncludeFile.c.o  -o cmTryCompileExec1699674025 -rdynamic 
make[1]: Leaving directory `/home/mahi/labs/NFIQ2/NFIQ2/libOpenCV/CMakeFiles/CMakeTmp'


Determining if the include file semaphore.h exists passed with the following output:
Change Dir: /home/mahi/labs/NFIQ2/NFIQ2/libOpenCV/CMakeFiles/CMakeTmp

Run Build Command:make "cmTryCompileExec3061088945/fast"
make -f CMakeFiles/cmTryCompileExec3061088945.dir/build.make CMakeFiles/cmTryCompileExec3061088945.dir/build
make[1]: Entering directory `/home/mahi/labs/NFIQ2/NFIQ2/libOpenCV/CMakeFiles/CMakeTmp'
/usr/bin/cmake -E cmake_progress_report /home/mahi/labs/NFIQ2/NFIQ2/libOpenCV/CMakeFiles/CMakeTmp/CMakeFiles 1
Building C object CMakeFiles/cmTryCompileExec3061088945.dir/CheckIncludeFile.c.o
/usr/bin/cc   -fsigned-char -W -Wall -Werror=return-type -Werror=address -Werror=sequence-point -Wformat -Werror=format-security -Wmissing-declarations -Wmissing-prototypes -Wstrict-prototypes -Wundef -Winit-self -Wpointer-arith -Wshadow -Wno-narrowing -Wno-comment -Wno-array-bounds -Wno-aggressive-loop-optimizations -fdiagnostics-show-option -Wno-long-long -pthread -fomit-frame-pointer -msse -msse2 -msse3 -ffunction-sections  -O3 -DNDEBUG   -o CMakeFiles/cmTryCompileExec3061088945.dir/CheckIncludeFile.c.o   -c /home/mahi/labs/NFIQ2/NFIQ2/libOpenCV/CMakeFiles/CMakeTmp/CheckIncludeFile.c
Linking C executable cmTryCompileExec3061088945
/usr/bin/cmake -E cmake_link_script CMakeFiles/cmTryCompileExec3061088945.dir/link.txt --verbose=1
/usr/bin/cc     -fsigned-char -W -Wall -Werror=return-type -Werror=address -Werror=sequence-point -Wformat -Werror=format-security -Wmissing-declarations -Wmissing-prototypes -Wstrict-prototypes -Wundef -Winit-self -Wpointer-arith -Wshadow -Wno-narrowing -Wno-comment -Wno-array-bounds -Wno-aggressive-loop-optimizations -fdiagnostics-show-option -Wno-long-long -pthread -fomit-frame-pointer -msse -msse2 -msse3 -ffunction-sections  -O3 -DNDEBUG    CMakeFiles/cmTryCompileExec3061088945.dir/CheckIncludeFile.c.o  -o cmTryCompileExec3061088945 -rdynamic 
make[1]: Leaving directory `/home/mahi/labs/NFIQ2/NFIQ2/libOpenCV/CMakeFiles/CMakeTmp'


Determining if the include file linux/videodev2.h exists passed with the following output:
Change Dir: /home/mahi/labs/NFIQ2/NFIQ2/libOpenCV/CMakeFiles/CMakeTmp

Run Build Command:make "cmTryCompileExec2904242370/fast"
make -f CMakeFiles/cmTryCompileExec2904242370.dir/build.make CMakeFiles/cmTryCompileExec2904242370.dir/build
make[1]: Entering directory `/home/mahi/labs/NFIQ2/NFIQ2/libOpenCV/CMakeFiles/CMakeTmp'
/usr/bin/cmake -E cmake_progress_report /home/mahi/labs/NFIQ2/NFIQ2/libOpenCV/CMakeFiles/CMakeTmp/CMakeFiles 1
Building C object CMakeFiles/cmTryCompileExec2904242370.dir/CheckIncludeFile.c.o
/usr/bin/cc   -fsigned-char -W -Wall -Werror=return-type -Werror=address -Werror=sequence-point -Wformat -Werror=format-security -Wmissing-declarations -Wmissing-prototypes -Wstrict-prototypes -Wundef -Winit-self -Wpointer-arith -Wshadow -Wno-narrowing -Wno-comment -Wno-array-bounds -Wno-aggressive-loop-optimizations -fdiagnostics-show-option -Wno-long-long -pthread -fomit-frame-pointer -msse -msse2 -msse3 -ffunction-sections  -O3 -DNDEBUG   -o CMakeFiles/cmTryCompileExec2904242370.dir/CheckIncludeFile.c.o   -c /home/mahi/labs/NFIQ2/NFIQ2/libOpenCV/CMakeFiles/CMakeTmp/CheckIncludeFile.c
Linking C executable cmTryCompileExec2904242370
/usr/bin/cmake -E cmake_link_script CMakeFiles/cmTryCompileExec2904242370.dir/link.txt --verbose=1
/usr/bin/cc     -fsigned-char -W -Wall -Werror=return-type -Werror=address -Werror=sequence-point -Wformat -Werror=format-security -Wmissing-declarations -Wmissing-prototypes -Wstrict-prototypes -Wundef -Winit-self -Wpointer-arith -Wshadow -Wno-narrowing -Wno-comment -Wno-array-bounds -Wno-aggressive-loop-optimizations -fdiagnostics-show-option -Wno-long-long -pthread -fomit-frame-pointer -msse -msse2 -msse3 -ffunction-sections  -O3 -DNDEBUG    CMakeFiles/cmTryCompileExec2904242370.dir/CheckIncludeFile.c.o  -o cmTryCompileExec2904242370 -rdynamic 
make[1]: Leaving directory `/home/mahi/labs/NFIQ2/NFIQ2/libOpenCV/CMakeFiles/CMakeTmp'


Determining if the include file linux/videodev2.h exists passed with the following output:
Change Dir: /home/mahi/labs/NFIQ2/NFIQ2/libOpenCV/CMakeFiles/CMakeTmp

Run Build Command:make "cmTryCompileExec2000023645/fast"
make -f CMakeFiles/cmTryCompileExec2000023645.dir/build.make CMakeFiles/cmTryCompileExec2000023645.dir/build
make[1]: Entering directory `/home/mahi/labs/NFIQ2/NFIQ2/libOpenCV/CMakeFiles/CMakeTmp'
/usr/bin/cmake -E cmake_progress_report /home/mahi/labs/NFIQ2/NFIQ2/libOpenCV/CMakeFiles/CMakeTmp/CMakeFiles 1
Building C object CMakeFiles/cmTryCompileExec2000023645.dir/CheckIncludeFile.c.o
/usr/bin/cc   -fsigned-char -W -Wall -Werror=return-type -Werror=address -Werror=sequence-point -Wformat -Werror=format-security -Wmissing-declarations -Wmissing-prototypes -Wstrict-prototypes -Wundef -Winit-self -Wpointer-arith -Wshadow -Wno-narrowing -Wno-comment -Wno-array-bounds -Wno-aggressive-loop-optimizations -fdiagnostics-show-option -Wno-long-long -pthread -fomit-frame-pointer -msse -msse2 -msse3 -ffunction-sections  -O3 -DNDEBUG   -o CMakeFiles/cmTryCompileExec2000023645.dir/CheckIncludeFile.c.o   -c /home/mahi/labs/NFIQ2/NFIQ2/libOpenCV/CMakeFiles/CMakeTmp/CheckIncludeFile.c
Linking C executable cmTryCompileExec2000023645
/usr/bin/cmake -E cmake_link_script CMakeFiles/cmTryCompileExec2000023645.dir/link.txt --verbose=1
/usr/bin/cc     -fsigned-char -W -Wall -Werror=return-type -Werror=address -Werror=sequence-point -Wformat -Werror=format-security -Wmissing-declarations -Wmissing-prototypes -Wstrict-prototypes -Wundef -Winit-self -Wpointer-arith -Wshadow -Wno-narrowing -Wno-comment -Wno-array-bounds -Wno-aggressive-loop-optimizations -fdiagnostics-show-option -Wno-long-long -pthread -fomit-frame-pointer -msse -msse2 -msse3 -ffunction-sections  -O3 -DNDEBUG    CMakeFiles/cmTryCompileExec2000023645.dir/CheckIncludeFile.c.o  -o cmTryCompileExec2000023645 -rdynamic 
make[1]: Leaving directory `/home/mahi/labs/NFIQ2/NFIQ2/libOpenCV/CMakeFiles/CMakeTmp'


